<?xml version="1.0" encoding="UTF-8"?>
<testsuite name="ru.clevertec.ecl.common.service.UserServiceImplTest$ValidData" tests="2" skipped="0" failures="0" errors="0" timestamp="2023-05-16T17:27:03" hostname="MacBook-Air-Artem.local" time="0.006">
  <properties/>
  <testcase name="shouldCreateUserWhenUserIsValid(UserDtoRequest)" classname="ru.clevertec.ecl.common.service.UserServiceImplTest$ValidData" time="0.003"/>
  <testcase name="shouldGetUserWhenUserValid(UserDtoRequest)" classname="ru.clevertec.ecl.common.service.UserServiceImplTest$ValidData" time="0.001"/>
  <system-out><![CDATA[]]></system-out>
  <system-err><![CDATA[]]></system-err>
</testsuite>
