<?xml version="1.0" encoding="UTF-8"?>
<testsuite name="ru.clevertek.ecl.common.repository.GiftCertificatesRepositoryTest" tests="5" skipped="0" failures="0" errors="0" timestamp="2023-05-02T17:27:31" hostname="MacBook-Air-Artem.local" time="2.653">
  <properties/>
  <testcase name="testRead()" classname="ru.clevertek.ecl.common.repository.GiftCertificatesRepositoryTest" time="2.003"/>
  <testcase name="testReadAll()" classname="ru.clevertek.ecl.common.repository.GiftCertificatesRepositoryTest" time="0.598"/>
  <testcase name="testCreate()" classname="ru.clevertek.ecl.common.repository.GiftCertificatesRepositoryTest" time="0.01"/>
  <testcase name="testDelete()" classname="ru.clevertek.ecl.common.repository.GiftCertificatesRepositoryTest" time="0.01"/>
  <testcase name="testUpdate()" classname="ru.clevertek.ecl.common.repository.GiftCertificatesRepositoryTest" time="0.003"/>
  <system-out><![CDATA[]]></system-out>
  <system-err><![CDATA[]]></system-err>
</testsuite>
