<?xml version="1.0" encoding="UTF-8"?>
<testsuite name="ru.clevertec.ecl.common.service.OrderServiceImplTest$InvalidData" tests="2" skipped="0" failures="0" errors="0" timestamp="2023-05-16T17:27:03" hostname="MacBook-Air-Artem.local" time="0.012">
  <properties/>
  <testcase name="buyGiftCertificateTestWhenGiftCertificateFindByIdRequestIsInvalid()" classname="ru.clevertec.ecl.common.service.OrderServiceImplTest$InvalidData" time="0.005"/>
  <testcase name="buyGiftCertificateTestWhenUserRepositoryFindUserByIdRequestIsInvalid()" classname="ru.clevertec.ecl.common.service.OrderServiceImplTest$InvalidData" time="0.002"/>
  <system-out><![CDATA[]]></system-out>
  <system-err><![CDATA[]]></system-err>
</testsuite>
