<?xml version="1.0" encoding="UTF-8"?>
<testsuite name="Order Repository Test" tests="2" skipped="0" failures="0" errors="0" timestamp="2023-05-16T17:26:52" hostname="MacBook-Air-Artem.local" time="3.232">
  <properties/>
  <testcase name="findMostUsedTagWithHighestOrderCostTest()" classname="ru.clevertec.ecl.common.repository.OrderPostgreSqlRepositoryTest" time="0.478"/>
  <testcase name="shouldFindByUserOrders()" classname="ru.clevertec.ecl.common.repository.OrderPostgreSqlRepositoryTest" time="0.443"/>
  <system-out><![CDATA[2023-05-16T20:26:46.713+03:00  INFO 72549 --- [    Test worker] t.c.s.AnnotationConfigContextLoaderUtils : Could not detect default configuration classes for test class [ru.clevertec.ecl.common.repository.OrderPostgreSqlRepositoryTest]: OrderPostgreSqlRepositoryTest does not declare any static, non-private, non-final, nested classes annotated with @Configuration.
2023-05-16T20:26:46.767+03:00  INFO 72549 --- [    Test worker] .b.t.c.SpringBootTestContextBootstrapper : Found @SpringBootConfiguration ru.clevertec.ecl.SpringTaskApplication for test class ru.clevertec.ecl.common.repository.OrderPostgreSqlRepositoryTest
2023-05-16T20:26:46.808+03:00  INFO 72549 --- [    Test worker] tc.postgres:14.3                         : Creating container for image: postgres:14.3
2023-05-16T20:26:47.037+03:00  INFO 72549 --- [    Test worker] tc.postgres:14.3                         : Container postgres:14.3 is starting: 1324e64df0f16ed29db0423ca2623848bc1ac7cdd66ef2732c571ab9910d049e
2023-05-16T20:26:49.024+03:00  INFO 72549 --- [    Test worker] tc.postgres:14.3                         : Container postgres:14.3 started in PT2.216691S
2023-05-16T20:26:49.032+03:00  INFO 72549 --- [    Test worker] tc.postgres:14.3                         : Container is started (JDBC URL: jdbc:postgresql://localhost:49723/test?loggerLevel=OFF)

  .   ____          _            __ _ _
 /\\ / ___'_ __ _ _(_)_ __  __ _ \ \ \ \
( ( )\___ | '_ | '_| | '_ \/ _` | \ \ \ \
 \\/  ___)| |_)| | | | | || (_| |  ) ) ) )
  '  |____| .__|_| |_|_| |_\__, | / / / /
 =========|_|==============|___/=/_/_/_/
 :: Spring Boot ::                (v3.0.6)

2023-05-16T20:26:49.417+03:00  INFO 72549 --- [    Test worker] r.c.e.c.r.OrderPostgreSqlRepositoryTest  : Starting OrderPostgreSqlRepositoryTest using Java 17.0.2 with PID 72549 (started by artemaverkov in /Users/artemaverkov/Concurrency/Новая папка/SpringTask)
2023-05-16T20:26:49.424+03:00  INFO 72549 --- [    Test worker] r.c.e.c.r.OrderPostgreSqlRepositoryTest  : The following 1 profile is active: "dev"
2023-05-16T20:26:49.938+03:00  INFO 72549 --- [    Test worker] .s.d.r.c.RepositoryConfigurationDelegate : Bootstrapping Spring Data JPA repositories in DEFAULT mode.
2023-05-16T20:26:50.029+03:00  INFO 72549 --- [    Test worker] .s.d.r.c.RepositoryConfigurationDelegate : Finished Spring Data repository scanning in 88 ms. Found 4 JPA repository interfaces.
2023-05-16T20:26:50.585+03:00  INFO 72549 --- [    Test worker] o.hibernate.jpa.internal.util.LogHelper  : HHH000204: Processing PersistenceUnitInfo [name: default]
2023-05-16T20:26:50.651+03:00  INFO 72549 --- [    Test worker] com.zaxxer.hikari.HikariDataSource       : HikariPool-2 - Starting...
2023-05-16T20:26:50.831+03:00  INFO 72549 --- [    Test worker] com.zaxxer.hikari.pool.HikariPool        : HikariPool-2 - Added connection org.postgresql.jdbc.PgConnection@5e3934db
2023-05-16T20:26:50.850+03:00  INFO 72549 --- [    Test worker] com.zaxxer.hikari.HikariDataSource       : HikariPool-2 - Start completed.
2023-05-16T20:26:50.882+03:00  INFO 72549 --- [    Test worker] SQL dialect                              : HHH000400: Using dialect: org.hibernate.dialect.PostgreSQLDialect
Hibernate: alter table if exists gift_certificates drop constraint if exists FKnqujxo7ryn01m42w5t3tlam4k
2023-05-16T20:26:51.553+03:00  WARN 72549 --- [    Test worker] o.h.engine.jdbc.spi.SqlExceptionHelper   : SQL Warning Code: 0, SQLState: 00000
2023-05-16T20:26:51.556+03:00  WARN 72549 --- [    Test worker] o.h.engine.jdbc.spi.SqlExceptionHelper   : relation "gift_certificates" does not exist, skipping
Hibernate: alter table if exists orders drop constraint if exists FK5sg6ecyf40wtr89weng1xkw2w
2023-05-16T20:26:51.559+03:00  WARN 72549 --- [    Test worker] o.h.engine.jdbc.spi.SqlExceptionHelper   : SQL Warning Code: 0, SQLState: 00000
2023-05-16T20:26:51.559+03:00  WARN 72549 --- [    Test worker] o.h.engine.jdbc.spi.SqlExceptionHelper   : relation "orders" does not exist, skipping
Hibernate: alter table if exists orders drop constraint if exists FK32ql8ubntj5uh44ph9659tiih
2023-05-16T20:26:51.562+03:00  WARN 72549 --- [    Test worker] o.h.engine.jdbc.spi.SqlExceptionHelper   : SQL Warning Code: 0, SQLState: 00000
2023-05-16T20:26:51.565+03:00  WARN 72549 --- [    Test worker] o.h.engine.jdbc.spi.SqlExceptionHelper   : relation "orders" does not exist, skipping
Hibernate: drop table if exists gift_certificates cascade
2023-05-16T20:26:51.569+03:00  WARN 72549 --- [    Test worker] o.h.engine.jdbc.spi.SqlExceptionHelper   : SQL Warning Code: 0, SQLState: 00000
2023-05-16T20:26:51.570+03:00  WARN 72549 --- [    Test worker] o.h.engine.jdbc.spi.SqlExceptionHelper   : table "gift_certificates" does not exist, skipping
Hibernate: drop table if exists orders cascade
2023-05-16T20:26:51.573+03:00  WARN 72549 --- [    Test worker] o.h.engine.jdbc.spi.SqlExceptionHelper   : SQL Warning Code: 0, SQLState: 00000
2023-05-16T20:26:51.573+03:00  WARN 72549 --- [    Test worker] o.h.engine.jdbc.spi.SqlExceptionHelper   : table "orders" does not exist, skipping
Hibernate: drop table if exists tag cascade
2023-05-16T20:26:51.579+03:00  WARN 72549 --- [    Test worker] o.h.engine.jdbc.spi.SqlExceptionHelper   : SQL Warning Code: 0, SQLState: 00000
2023-05-16T20:26:51.580+03:00  WARN 72549 --- [    Test worker] o.h.engine.jdbc.spi.SqlExceptionHelper   : table "tag" does not exist, skipping
Hibernate: drop table if exists users cascade
2023-05-16T20:26:51.585+03:00  WARN 72549 --- [    Test worker] o.h.engine.jdbc.spi.SqlExceptionHelper   : SQL Warning Code: 0, SQLState: 00000
2023-05-16T20:26:51.586+03:00  WARN 72549 --- [    Test worker] o.h.engine.jdbc.spi.SqlExceptionHelper   : table "users" does not exist, skipping
Hibernate: drop sequence if exists gift_certificates_seq
2023-05-16T20:26:51.590+03:00  WARN 72549 --- [    Test worker] o.h.engine.jdbc.spi.SqlExceptionHelper   : SQL Warning Code: 0, SQLState: 00000
2023-05-16T20:26:51.590+03:00  WARN 72549 --- [    Test worker] o.h.engine.jdbc.spi.SqlExceptionHelper   : sequence "gift_certificates_seq" does not exist, skipping
Hibernate: drop sequence if exists orders_seq
2023-05-16T20:26:51.595+03:00  WARN 72549 --- [    Test worker] o.h.engine.jdbc.spi.SqlExceptionHelper   : SQL Warning Code: 0, SQLState: 00000
2023-05-16T20:26:51.595+03:00  WARN 72549 --- [    Test worker] o.h.engine.jdbc.spi.SqlExceptionHelper   : sequence "orders_seq" does not exist, skipping
Hibernate: drop sequence if exists tag_seq
2023-05-16T20:26:51.597+03:00  WARN 72549 --- [    Test worker] o.h.engine.jdbc.spi.SqlExceptionHelper   : SQL Warning Code: 0, SQLState: 00000
2023-05-16T20:26:51.597+03:00  WARN 72549 --- [    Test worker] o.h.engine.jdbc.spi.SqlExceptionHelper   : sequence "tag_seq" does not exist, skipping
Hibernate: drop sequence if exists users_seq
2023-05-16T20:26:51.599+03:00  WARN 72549 --- [    Test worker] o.h.engine.jdbc.spi.SqlExceptionHelper   : SQL Warning Code: 0, SQLState: 00000
2023-05-16T20:26:51.599+03:00  WARN 72549 --- [    Test worker] o.h.engine.jdbc.spi.SqlExceptionHelper   : sequence "users_seq" does not exist, skipping
Hibernate: create sequence gift_certificates_seq start with 1 increment by 50
Hibernate: create sequence orders_seq start with 1 increment by 50
Hibernate: create sequence tag_seq start with 1 increment by 50
Hibernate: create sequence users_seq start with 1 increment by 50
Hibernate: create table gift_certificates (id bigint not null, create_date varchar(255), description varchar(255), duration bigint, last_update_date varchar(255), name varchar(255), price float(53), tag_id bigint, primary key (id))
Hibernate: create table orders (id bigint not null, cost float(53), purchase_time timestamp(6), gift_certificates_id bigint, user_id bigint, primary key (id))
Hibernate: create table tag (id bigint not null, name varchar(255), primary key (id))
Hibernate: create table users (id bigint not null, email varchar(255), name varchar(255), password varchar(255), primary key (id))
Hibernate: alter table if exists gift_certificates add constraint FKnqujxo7ryn01m42w5t3tlam4k foreign key (tag_id) references tag on delete cascade
Hibernate: alter table if exists orders add constraint FK5sg6ecyf40wtr89weng1xkw2w foreign key (gift_certificates_id) references gift_certificates on delete cascade
Hibernate: alter table if exists orders add constraint FK32ql8ubntj5uh44ph9659tiih foreign key (user_id) references users on delete cascade
2023-05-16T20:26:51.665+03:00  INFO 72549 --- [    Test worker] o.h.e.t.j.p.i.JtaPlatformInitiator       : HHH000490: Using JtaPlatform implementation: [org.hibernate.engine.transaction.jta.platform.internal.NoJtaPlatform]
2023-05-16T20:26:51.667+03:00  INFO 72549 --- [    Test worker] j.LocalContainerEntityManagerFactoryBean : Initialized JPA EntityManagerFactory for persistence unit 'default'
2023-05-16T20:26:52.292+03:00  INFO 72549 --- [    Test worker] r.c.e.c.r.OrderPostgreSqlRepositoryTest  : Started OrderPostgreSqlRepositoryTest in 3.208 seconds (process running for 50.614)
Hibernate: select g1_0.name,count(*) from orders o1_0 join gift_certificates g1_0 on o1_0.gift_certificates_id=g1_0.id group by g1_0.id order by 2 desc fetch first 1 rows only
2023-05-16T20:26:52.704+03:00  INFO 72549 --- [    Test worker] j.LocalContainerEntityManagerFactoryBean : Closing JPA EntityManagerFactory for persistence unit 'default'
2023-05-16T20:26:52.706+03:00  INFO 72549 --- [    Test worker] .SchemaDropperImpl$DelayedDropActionImpl : HHH000477: Starting delayed evictData of schema as part of SessionFactory shut-down'
Hibernate: alter table if exists gift_certificates drop constraint if exists FKnqujxo7ryn01m42w5t3tlam4k
Hibernate: alter table if exists orders drop constraint if exists FK5sg6ecyf40wtr89weng1xkw2w
Hibernate: alter table if exists orders drop constraint if exists FK32ql8ubntj5uh44ph9659tiih
Hibernate: drop table if exists gift_certificates cascade
Hibernate: drop table if exists orders cascade
Hibernate: drop table if exists tag cascade
Hibernate: drop table if exists users cascade
Hibernate: drop sequence if exists gift_certificates_seq
Hibernate: drop sequence if exists orders_seq
Hibernate: drop sequence if exists tag_seq
Hibernate: drop sequence if exists users_seq
2023-05-16T20:26:52.802+03:00  INFO 72549 --- [    Test worker] com.zaxxer.hikari.HikariDataSource       : HikariPool-2 - Shutdown initiated...
2023-05-16T20:26:52.808+03:00  INFO 72549 --- [    Test worker] com.zaxxer.hikari.HikariDataSource       : HikariPool-2 - Shutdown completed.

  .   ____          _            __ _ _
 /\\ / ___'_ __ _ _(_)_ __  __ _ \ \ \ \
( ( )\___ | '_ | '_| | '_ \/ _` | \ \ \ \
 \\/  ___)| |_)| | | | | || (_| |  ) ) ) )
  '  |____| .__|_| |_|_| |_\__, | / / / /
 =========|_|==============|___/=/_/_/_/
 :: Spring Boot ::                (v3.0.6)

2023-05-16T20:26:52.975+03:00  INFO 72549 --- [    Test worker] r.c.e.c.r.OrderPostgreSqlRepositoryTest  : Starting OrderPostgreSqlRepositoryTest using Java 17.0.2 with PID 72549 (started by artemaverkov in /Users/artemaverkov/Concurrency/Новая папка/SpringTask)
2023-05-16T20:26:52.976+03:00  INFO 72549 --- [    Test worker] r.c.e.c.r.OrderPostgreSqlRepositoryTest  : The following 1 profile is active: "dev"
2023-05-16T20:26:53.284+03:00  INFO 72549 --- [    Test worker] .s.d.r.c.RepositoryConfigurationDelegate : Bootstrapping Spring Data JPA repositories in DEFAULT mode.
2023-05-16T20:26:53.334+03:00  INFO 72549 --- [    Test worker] .s.d.r.c.RepositoryConfigurationDelegate : Finished Spring Data repository scanning in 48 ms. Found 4 JPA repository interfaces.
2023-05-16T20:26:53.537+03:00  INFO 72549 --- [    Test worker] o.hibernate.jpa.internal.util.LogHelper  : HHH000204: Processing PersistenceUnitInfo [name: default]
2023-05-16T20:26:53.564+03:00  INFO 72549 --- [    Test worker] com.zaxxer.hikari.HikariDataSource       : HikariPool-3 - Starting...
2023-05-16T20:26:53.646+03:00  INFO 72549 --- [    Test worker] com.zaxxer.hikari.pool.HikariPool        : HikariPool-3 - Added connection org.postgresql.jdbc.PgConnection@5634c26c
2023-05-16T20:26:53.646+03:00  INFO 72549 --- [    Test worker] com.zaxxer.hikari.HikariDataSource       : HikariPool-3 - Start completed.
2023-05-16T20:26:53.682+03:00  INFO 72549 --- [    Test worker] SQL dialect                              : HHH000400: Using dialect: org.hibernate.dialect.PostgreSQLDialect
Hibernate: alter table if exists gift_certificates drop constraint if exists FKnqujxo7ryn01m42w5t3tlam4k
2023-05-16T20:26:54.412+03:00  WARN 72549 --- [    Test worker] o.h.engine.jdbc.spi.SqlExceptionHelper   : SQL Warning Code: 0, SQLState: 00000
2023-05-16T20:26:54.421+03:00  WARN 72549 --- [    Test worker] o.h.engine.jdbc.spi.SqlExceptionHelper   : relation "gift_certificates" does not exist, skipping
Hibernate: alter table if exists orders drop constraint if exists FK5sg6ecyf40wtr89weng1xkw2w
2023-05-16T20:26:54.423+03:00  WARN 72549 --- [    Test worker] o.h.engine.jdbc.spi.SqlExceptionHelper   : SQL Warning Code: 0, SQLState: 00000
2023-05-16T20:26:54.423+03:00  WARN 72549 --- [    Test worker] o.h.engine.jdbc.spi.SqlExceptionHelper   : relation "orders" does not exist, skipping
Hibernate: alter table if exists orders drop constraint if exists FK32ql8ubntj5uh44ph9659tiih
2023-05-16T20:26:54.425+03:00  WARN 72549 --- [    Test worker] o.h.engine.jdbc.spi.SqlExceptionHelper   : SQL Warning Code: 0, SQLState: 00000
2023-05-16T20:26:54.425+03:00  WARN 72549 --- [    Test worker] o.h.engine.jdbc.spi.SqlExceptionHelper   : relation "orders" does not exist, skipping
Hibernate: drop table if exists gift_certificates cascade
2023-05-16T20:26:54.427+03:00  WARN 72549 --- [    Test worker] o.h.engine.jdbc.spi.SqlExceptionHelper   : SQL Warning Code: 0, SQLState: 00000
2023-05-16T20:26:54.427+03:00  WARN 72549 --- [    Test worker] o.h.engine.jdbc.spi.SqlExceptionHelper   : table "gift_certificates" does not exist, skipping
Hibernate: drop table if exists orders cascade
2023-05-16T20:26:54.428+03:00  WARN 72549 --- [    Test worker] o.h.engine.jdbc.spi.SqlExceptionHelper   : SQL Warning Code: 0, SQLState: 00000
2023-05-16T20:26:54.428+03:00  WARN 72549 --- [    Test worker] o.h.engine.jdbc.spi.SqlExceptionHelper   : table "orders" does not exist, skipping
Hibernate: drop table if exists tag cascade
2023-05-16T20:26:54.429+03:00  WARN 72549 --- [    Test worker] o.h.engine.jdbc.spi.SqlExceptionHelper   : SQL Warning Code: 0, SQLState: 00000
2023-05-16T20:26:54.429+03:00  WARN 72549 --- [    Test worker] o.h.engine.jdbc.spi.SqlExceptionHelper   : table "tag" does not exist, skipping
Hibernate: drop table if exists users cascade
2023-05-16T20:26:54.430+03:00  WARN 72549 --- [    Test worker] o.h.engine.jdbc.spi.SqlExceptionHelper   : SQL Warning Code: 0, SQLState: 00000
2023-05-16T20:26:54.430+03:00  WARN 72549 --- [    Test worker] o.h.engine.jdbc.spi.SqlExceptionHelper   : table "users" does not exist, skipping
Hibernate: drop sequence if exists gift_certificates_seq
2023-05-16T20:26:54.431+03:00  WARN 72549 --- [    Test worker] o.h.engine.jdbc.spi.SqlExceptionHelper   : SQL Warning Code: 0, SQLState: 00000
2023-05-16T20:26:54.431+03:00  WARN 72549 --- [    Test worker] o.h.engine.jdbc.spi.SqlExceptionHelper   : sequence "gift_certificates_seq" does not exist, skipping
Hibernate: drop sequence if exists orders_seq
2023-05-16T20:26:54.432+03:00  WARN 72549 --- [    Test worker] o.h.engine.jdbc.spi.SqlExceptionHelper   : SQL Warning Code: 0, SQLState: 00000
2023-05-16T20:26:54.432+03:00  WARN 72549 --- [    Test worker] o.h.engine.jdbc.spi.SqlExceptionHelper   : sequence "orders_seq" does not exist, skipping
Hibernate: drop sequence if exists tag_seq
2023-05-16T20:26:54.436+03:00  WARN 72549 --- [    Test worker] o.h.engine.jdbc.spi.SqlExceptionHelper   : SQL Warning Code: 0, SQLState: 00000
2023-05-16T20:26:54.438+03:00  WARN 72549 --- [    Test worker] o.h.engine.jdbc.spi.SqlExceptionHelper   : sequence "tag_seq" does not exist, skipping
Hibernate: drop sequence if exists users_seq
2023-05-16T20:26:54.444+03:00  WARN 72549 --- [    Test worker] o.h.engine.jdbc.spi.SqlExceptionHelper   : SQL Warning Code: 0, SQLState: 00000
2023-05-16T20:26:54.447+03:00  WARN 72549 --- [    Test worker] o.h.engine.jdbc.spi.SqlExceptionHelper   : sequence "users_seq" does not exist, skipping
Hibernate: create sequence gift_certificates_seq start with 1 increment by 50
Hibernate: create sequence orders_seq start with 1 increment by 50
Hibernate: create sequence tag_seq start with 1 increment by 50
Hibernate: create sequence users_seq start with 1 increment by 50
Hibernate: create table gift_certificates (id bigint not null, create_date varchar(255), description varchar(255), duration bigint, last_update_date varchar(255), name varchar(255), price float(53), tag_id bigint, primary key (id))
Hibernate: create table orders (id bigint not null, cost float(53), purchase_time timestamp(6), gift_certificates_id bigint, user_id bigint, primary key (id))
Hibernate: create table tag (id bigint not null, name varchar(255), primary key (id))
Hibernate: create table users (id bigint not null, email varchar(255), name varchar(255), password varchar(255), primary key (id))
Hibernate: alter table if exists gift_certificates add constraint FKnqujxo7ryn01m42w5t3tlam4k foreign key (tag_id) references tag on delete cascade
Hibernate: alter table if exists orders add constraint FK5sg6ecyf40wtr89weng1xkw2w foreign key (gift_certificates_id) references gift_certificates on delete cascade
Hibernate: alter table if exists orders add constraint FK32ql8ubntj5uh44ph9659tiih foreign key (user_id) references users on delete cascade
2023-05-16T20:26:54.502+03:00  INFO 72549 --- [    Test worker] o.h.e.t.j.p.i.JtaPlatformInitiator       : HHH000490: Using JtaPlatform implementation: [org.hibernate.engine.transaction.jta.platform.internal.NoJtaPlatform]
2023-05-16T20:26:54.503+03:00  INFO 72549 --- [    Test worker] j.LocalContainerEntityManagerFactoryBean : Initialized JPA EntityManagerFactory for persistence unit 'default'
2023-05-16T20:26:55.092+03:00  INFO 72549 --- [    Test worker] r.c.e.c.r.OrderPostgreSqlRepositoryTest  : Started OrderPostgreSqlRepositoryTest in 2.246 seconds (process running for 53.413)
Hibernate: select o1_0.id,o1_0.cost,o1_0.gift_certificates_id,o1_0.purchase_time,o1_0.user_id from orders o1_0 where o1_0.user_id=?
Hibernate: select g1_0.id,g1_0.create_date,g1_0.description,g1_0.duration,g1_0.last_update_date,g1_0.name,g1_0.price,g1_0.tag_id from gift_certificates g1_0 where g1_0.id=?
2023-05-16T20:26:55.500+03:00  INFO 72549 --- [    Test worker] j.LocalContainerEntityManagerFactoryBean : Closing JPA EntityManagerFactory for persistence unit 'default'
2023-05-16T20:26:55.502+03:00  INFO 72549 --- [    Test worker] .SchemaDropperImpl$DelayedDropActionImpl : HHH000477: Starting delayed evictData of schema as part of SessionFactory shut-down'
Hibernate: alter table if exists gift_certificates drop constraint if exists FKnqujxo7ryn01m42w5t3tlam4k
Hibernate: alter table if exists orders drop constraint if exists FK5sg6ecyf40wtr89weng1xkw2w
Hibernate: alter table if exists orders drop constraint if exists FK32ql8ubntj5uh44ph9659tiih
Hibernate: drop table if exists gift_certificates cascade
Hibernate: drop table if exists orders cascade
Hibernate: drop table if exists tag cascade
Hibernate: drop table if exists users cascade
Hibernate: drop sequence if exists gift_certificates_seq
Hibernate: drop sequence if exists orders_seq
Hibernate: drop sequence if exists tag_seq
Hibernate: drop sequence if exists users_seq
2023-05-16T20:26:55.555+03:00  INFO 72549 --- [    Test worker] com.zaxxer.hikari.HikariDataSource       : HikariPool-3 - Shutdown initiated...
2023-05-16T20:26:55.562+03:00  INFO 72549 --- [    Test worker] com.zaxxer.hikari.HikariDataSource       : HikariPool-3 - Shutdown completed.
]]></system-out>
  <system-err><![CDATA[]]></system-err>
</testsuite>
