<?xml version="1.0" encoding="UTF-8"?>
<testsuite name="ru.clevertek.ecl.common.service.GiftCertificatesServiceImplTest$ValidData" tests="5" skipped="2" failures="0" errors="0" timestamp="2023-05-01T12:03:45" hostname="MacBook-Air-Artem.local" time="0.16">
  <properties/>
  <testcase name="shouldGetGiftCertificatesWhenGiftCertificatesValid(GiftCertificatesDto)" classname="ru.clevertek.ecl.common.service.GiftCertificatesServiceImplTest$ValidData" time="0.133"/>
  <testcase name="shouldCreateGiftCertificatesWhenGiftCertificatesIsValid(GiftCertificatesDto)" classname="ru.clevertek.ecl.common.service.GiftCertificatesServiceImplTest$ValidData" time="0.002">
    <skipped/>
  </testcase>
  <testcase name="shouldDeleteGiftCertificatesGiftCertificatesIsValid(GiftCertificatesDto)" classname="ru.clevertek.ecl.common.service.GiftCertificatesServiceImplTest$ValidData" time="0.009"/>
  <testcase name="shouldReadAllGiftCertificatesWhenGiftCertificatesIsValid(GiftCertificatesDto)" classname="ru.clevertek.ecl.common.service.GiftCertificatesServiceImplTest$ValidData" time="0.008"/>
  <testcase name="shouldUpdateGiftCertificatesWhenGiftCertificatesIsValid(GiftCertificatesDto)" classname="ru.clevertek.ecl.common.service.GiftCertificatesServiceImplTest$ValidData" time="0.001">
    <skipped/>
  </testcase>
  <system-out><![CDATA[]]></system-out>
  <system-err><![CDATA[]]></system-err>
</testsuite>
