<?xml version="1.0" encoding="UTF-8"?>
<testsuite name="Testing Tag Controller" tests="5" skipped="0" failures="0" errors="0" timestamp="2023-05-16T17:27:03" hostname="MacBook-Air-Artem.local" time="0.067">
  <properties/>
  <testcase name="testReadAllTag()" classname="ru.clevertec.ecl.common.controller.TagControllerTest" time="0.012"/>
  <testcase name="testUpdateTag(TagDtoRequest)" classname="ru.clevertec.ecl.common.controller.TagControllerTest" time="0.019"/>
  <testcase name="testDeleteTag()" classname="ru.clevertec.ecl.common.controller.TagControllerTest" time="0.007"/>
  <testcase name="testReadTag(TagDtoRequest, GiftCertificatesDtoRequest)" classname="ru.clevertec.ecl.common.controller.TagControllerTest" time="0.014"/>
  <testcase name="testCreateTag(TagDtoRequest)" classname="ru.clevertec.ecl.common.controller.TagControllerTest" time="0.008"/>
  <system-out><![CDATA[
  .   ____          _            __ _ _
 /\\ / ___'_ __ _ _(_)_ __  __ _ \ \ \ \
( ( )\___ | '_ | '_| | '_ \/ _` | \ \ \ \
 \\/  ___)| |_)| | | | | || (_| |  ) ) ) )
  '  |____| .__|_| |_|_| |_\__, | / / / /
 =========|_|==============|___/=/_/_/_/
 :: Spring Boot ::                (v3.0.6)

2023-05-16T20:27:03.127+03:00  INFO 72549 --- [    Test worker] r.c.e.c.controller.TagControllerTest     : Starting TagControllerTest using Java 17.0.2 with PID 72549 (started by artemaverkov in /Users/artemaverkov/Concurrency/Новая папка/SpringTask)
2023-05-16T20:27:03.127+03:00  INFO 72549 --- [    Test worker] r.c.e.c.controller.TagControllerTest     : The following 1 profile is active: "dev"
2023-05-16T20:27:03.447+03:00  INFO 72549 --- [    Test worker] o.s.b.t.m.w.SpringBootMockServletContext : Initializing Spring TestDispatcherServlet ''
2023-05-16T20:27:03.449+03:00  INFO 72549 --- [    Test worker] o.s.t.web.servlet.TestDispatcherServlet  : Initializing Servlet ''
2023-05-16T20:27:03.451+03:00  INFO 72549 --- [    Test worker] o.s.t.web.servlet.TestDispatcherServlet  : Completed initialization in 1 ms
2023-05-16T20:27:03.456+03:00  INFO 72549 --- [    Test worker] r.c.e.c.controller.TagControllerTest     : Started TagControllerTest in 0.369 seconds (process running for 61.778)
2023-05-16T20:27:03.482+03:00  WARN 72549 --- [    Test worker] ocalVariableTableParameterNameDiscoverer : Using deprecated '-debug' fallback for parameter name resolution. Compile the affected code with '-parameters' instead or avoid its introspection: ru.clevertec.ecl.controller.tagController.TagController
]]></system-out>
  <system-err><![CDATA[]]></system-err>
</testsuite>
