<?xml version="1.0" encoding="UTF-8"?>
<testsuite name="ru.clevertek.ecl.common.service.GiftCertificatesServiceImplTest$InvalidData" tests="5" skipped="0" failures="0" errors="0" timestamp="2023-05-01T12:03:45" hostname="MacBook-Air-Artem.local" time="0.064">
  <properties/>
  <testcase name="shouldDeleteProductWheProductIsInvalid()" classname="ru.clevertek.ecl.common.service.GiftCertificatesServiceImplTest$InvalidData" time="0.025"/>
  <testcase name="shouldUpdateProductWheProductIsInvalid(GiftCertificatesDto)" classname="ru.clevertek.ecl.common.service.GiftCertificatesServiceImplTest$InvalidData" time="0.009"/>
  <testcase name="shouldGetProductWheProductIsInvalid(GiftCertificatesDto)" classname="ru.clevertek.ecl.common.service.GiftCertificatesServiceImplTest$InvalidData" time="0.007"/>
  <testcase name="shouldReadAllProductWhenProductIsInvalid()" classname="ru.clevertek.ecl.common.service.GiftCertificatesServiceImplTest$InvalidData" time="0.007"/>
  <testcase name="shouldCreateProductWheProductIsInvalid()" classname="ru.clevertek.ecl.common.service.GiftCertificatesServiceImplTest$InvalidData" time="0.008"/>
  <system-out><![CDATA[]]></system-out>
  <system-err><![CDATA[]]></system-err>
</testsuite>
