<?xml version="1.0" encoding="UTF-8"?>
<testsuite name="Testing User Controller" tests="5" skipped="0" failures="0" errors="0" timestamp="2023-05-16T17:27:00" hostname="MacBook-Air-Artem.local" time="1.265">
  <properties/>
  <testcase name="getOrdersByUserId(OrderDtoRequest)" classname="ru.clevertec.ecl.common.controller.UserControllerTest" time="0.873"/>
  <testcase name="buyGiftCertificate()" classname="ru.clevertec.ecl.common.controller.UserControllerTest" time="0.022"/>
  <testcase name="create(UserDtoRequest)" classname="ru.clevertec.ecl.common.controller.UserControllerTest" time="0.268"/>
  <testcase name="read(UserDtoRequest)" classname="ru.clevertec.ecl.common.controller.UserControllerTest" time="0.033"/>
  <testcase name="getAPopularCertificate(GiftCertificatesDtoRequest, OrderDtoRequest)" classname="ru.clevertec.ecl.common.controller.UserControllerTest" time="0.045"/>
  <system-out><![CDATA[
  .   ____          _            __ _ _
 /\\ / ___'_ __ _ _(_)_ __  __ _ \ \ \ \
( ( )\___ | '_ | '_| | '_ \/ _` | \ \ \ \
 \\/  ___)| |_)| | | | | || (_| |  ) ) ) )
  '  |____| .__|_| |_|_| |_\__, | / / / /
 =========|_|==============|___/=/_/_/_/
 :: Spring Boot ::                (v3.0.6)

2023-05-16T20:26:56.884+03:00  INFO 72549 --- [    Test worker] r.c.e.c.controller.UserControllerTest    : Starting UserControllerTest using Java 17.0.2 with PID 72549 (started by artemaverkov in /Users/artemaverkov/Concurrency/Новая папка/SpringTask)
2023-05-16T20:26:56.886+03:00  INFO 72549 --- [    Test worker] r.c.e.c.controller.UserControllerTest    : The following 1 profile is active: "dev"
2023-05-16T20:27:00.205+03:00  INFO 72549 --- [    Test worker] o.s.b.t.m.w.SpringBootMockServletContext : Initializing Spring TestDispatcherServlet ''
2023-05-16T20:27:00.230+03:00  INFO 72549 --- [    Test worker] o.s.t.web.servlet.TestDispatcherServlet  : Initializing Servlet ''
2023-05-16T20:27:00.277+03:00  INFO 72549 --- [    Test worker] o.s.t.web.servlet.TestDispatcherServlet  : Completed initialization in 3 ms
2023-05-16T20:27:00.320+03:00  INFO 72549 --- [    Test worker] r.c.e.c.controller.UserControllerTest    : Started UserControllerTest in 3.676 seconds (process running for 58.641)
2023-05-16T20:27:00.746+03:00  WARN 72549 --- [    Test worker] ocalVariableTableParameterNameDiscoverer : Using deprecated '-debug' fallback for parameter name resolution. Compile the affected code with '-parameters' instead or avoid its introspection: ru.clevertec.ecl.controller.user.UserController
]]></system-out>
  <system-err><![CDATA[]]></system-err>
</testsuite>
