<?xml version="1.0" encoding="UTF-8"?>
<testsuite name="ru.clevertek.ecl.common.controller.GiftCertificatesControllerTest" tests="4" skipped="0" failures="0" errors="0" timestamp="2023-05-01T12:03:45" hostname="MacBook-Air-Artem.local" time="0.481">
  <properties/>
  <testcase name="testRead()" classname="ru.clevertek.ecl.common.controller.GiftCertificatesControllerTest" time="0.335"/>
  <testcase name="testCreate()" classname="ru.clevertek.ecl.common.controller.GiftCertificatesControllerTest" time="0.091"/>
  <testcase name="testDelete(GiftCertificatesDto)" classname="ru.clevertek.ecl.common.controller.GiftCertificatesControllerTest" time="0.022"/>
  <testcase name="testUpdate()" classname="ru.clevertek.ecl.common.controller.GiftCertificatesControllerTest" time="0.018"/>
  <system-out><![CDATA[15:03:41.112 [Test worker] DEBUG org.springframework.test.context.support.AbstractContextLoader -- Could not detect default resource locations for test class [ru.clevertek.ecl.common.controller.GiftCertificatesControllerTest]: no resource found for suffixes {-context.xml, Context.groovy}.
15:03:41.256 [Test worker] DEBUG org.springframework.boot.test.autoconfigure.web.servlet.WebMvcTestContextBootstrapper -- Using ContextCustomizers for test class [GiftCertificatesControllerTest]: [DisableAutoConfigurationContextCustomizer, DisableObservabilityContextCustomizer, TypeExcludeFiltersContextCustomizer, PropertyMappingContextCustomizer, Customizer, ImportsContextCustomizer, ExcludeFilterContextCustomizer, DuplicateJsonObjectContextCustomizer, MockitoContextCustomizer]
15:03:41.337 [Test worker] DEBUG org.springframework.test.context.util.TestContextSpringFactoriesUtils -- Skipping candidate TestExecutionListener [org.springframework.test.context.transaction.TransactionalTestExecutionListener] due to a missing dependency. Specify custom TestExecutionListener classes or make the default TestExecutionListener classes and their required dependencies available. Offending class: [org/springframework/transaction/interceptor/TransactionAttributeSource]
15:03:41.340 [Test worker] DEBUG org.springframework.test.context.util.TestContextSpringFactoriesUtils -- Skipping candidate TestExecutionListener [org.springframework.test.context.jdbc.SqlScriptsTestExecutionListener] due to a missing dependency. Specify custom TestExecutionListener classes or make the default TestExecutionListener classes and their required dependencies available. Offending class: [org/springframework/transaction/interceptor/TransactionAttribute]
15:03:41.344 [Test worker] DEBUG org.springframework.boot.test.autoconfigure.web.servlet.WebMvcTestContextBootstrapper -- Using TestExecutionListeners for test class [GiftCertificatesControllerTest]: [ServletTestExecutionListener, DirtiesContextBeforeModesTestExecutionListener, ApplicationEventsTestExecutionListener, MockitoTestExecutionListener, DependencyInjectionTestExecutionListener, DirtiesContextTestExecutionListener, EventPublishingTestExecutionListener, RestDocsTestExecutionListener, MockRestServiceServerResetTestExecutionListener, MockMvcPrintOnlyOnFailureTestExecutionListener, WebDriverTestExecutionListener, MockWebServiceServerTestExecutionListener, ResetMocksTestExecutionListener]
15:03:41.346 [Test worker] DEBUG org.springframework.test.context.support.AbstractDirtiesContextTestExecutionListener -- Before test class: class [GiftCertificatesControllerTest], class annotated with @DirtiesContext [false] with mode [null]

  .   ____          _            __ _ _
 /\\ / ___'_ __ _ _(_)_ __  __ _ \ \ \ \
( ( )\___ | '_ | '_| | '_ \/ _` | \ \ \ \
 \\/  ___)| |_)| | | | | || (_| |  ) ) ) )
  '  |____| .__|_| |_|_| |_\__, | / / / /
 =========|_|==============|___/=/_/_/_/
 :: Spring Boot ::                (v3.0.6)

2023-05-01T15:03:42.331+03:00  INFO 32784 --- [    Test worker] r.c.e.c.c.GiftCertificatesControllerTest : Starting GiftCertificatesControllerTest using Java 17.0.2 with PID 32784 (started by artemaverkov in /Users/artemaverkov/Concurrency/Новая папка/SpringTask)
2023-05-01T15:03:42.346+03:00  INFO 32784 --- [    Test worker] r.c.e.c.c.GiftCertificatesControllerTest : No active profile set, falling back to 1 default profile: "default"
2023-05-01T15:03:45.259+03:00  INFO 32784 --- [    Test worker] o.s.b.t.m.w.SpringBootMockServletContext : Initializing Spring TestDispatcherServlet ''
2023-05-01T15:03:45.261+03:00  INFO 32784 --- [    Test worker] o.s.t.web.servlet.TestDispatcherServlet  : Initializing Servlet ''
2023-05-01T15:03:45.287+03:00  INFO 32784 --- [    Test worker] o.s.t.web.servlet.TestDispatcherServlet  : Completed initialization in 8 ms
2023-05-01T15:03:45.359+03:00  INFO 32784 --- [    Test worker] r.c.e.c.c.GiftCertificatesControllerTest : Started GiftCertificatesControllerTest in 3.834 seconds (process running for 11.234)
2023-05-01T15:03:45.514+03:00  WARN 32784 --- [    Test worker] ocalVariableTableParameterNameDiscoverer : Using deprecated '-debug' fallback for parameter name resolution. Compile the affected code with '-parameters' instead or avoid its introspection: ru.clevertec.ecl.controller.giftCertificates.GiftCertificatesController
]]></system-out>
  <system-err><![CDATA[]]></system-err>
</testsuite>
