<?xml version="1.0" encoding="UTF-8"?>
<testsuite name="Testing GiftCertificates Controller" tests="5" skipped="0" failures="0" errors="0" timestamp="2023-05-16T17:27:02" hostname="MacBook-Air-Artem.local" time="0.117">
  <properties/>
  <testcase name="testRead(GiftCertificatesDtoRequest)" classname="ru.clevertec.ecl.common.controller.GiftCertificatesControllerTest" time="0.022"/>
  <testcase name="testReadAll(GiftCertificatesDtoRequest, TagDtoRequest)" classname="ru.clevertec.ecl.common.controller.GiftCertificatesControllerTest" time="0.043"/>
  <testcase name="testCreate(GiftCertificatesDtoRequest, TagDtoRequest)" classname="ru.clevertec.ecl.common.controller.GiftCertificatesControllerTest" time="0.03"/>
  <testcase name="testDelete()" classname="ru.clevertec.ecl.common.controller.GiftCertificatesControllerTest" time="0.007"/>
  <testcase name="testUpdate(GiftCertificatesDtoRequest, TagDtoRequest)" classname="ru.clevertec.ecl.common.controller.GiftCertificatesControllerTest" time="0.007"/>
  <system-out><![CDATA[
  .   ____          _            __ _ _
 /\\ / ___'_ __ _ _(_)_ __  __ _ \ \ \ \
( ( )\___ | '_ | '_| | '_ \/ _` | \ \ \ \
 \\/  ___)| |_)| | | | | || (_| |  ) ) ) )
  '  |____| .__|_| |_|_| |_\__, | / / / /
 =========|_|==============|___/=/_/_/_/
 :: Spring Boot ::                (v3.0.6)

2023-05-16T20:27:01.810+03:00  INFO 72549 --- [    Test worker] r.c.e.c.c.GiftCertificatesControllerTest : Starting GiftCertificatesControllerTest using Java 17.0.2 with PID 72549 (started by artemaverkov in /Users/artemaverkov/Concurrency/Новая папка/SpringTask)
2023-05-16T20:27:01.811+03:00  INFO 72549 --- [    Test worker] r.c.e.c.c.GiftCertificatesControllerTest : The following 1 profile is active: "dev"
2023-05-16T20:27:02.350+03:00  INFO 72549 --- [    Test worker] o.s.b.t.m.w.SpringBootMockServletContext : Initializing Spring TestDispatcherServlet ''
2023-05-16T20:27:02.351+03:00  INFO 72549 --- [    Test worker] o.s.t.web.servlet.TestDispatcherServlet  : Initializing Servlet ''
2023-05-16T20:27:02.351+03:00  INFO 72549 --- [    Test worker] o.s.t.web.servlet.TestDispatcherServlet  : Completed initialization in 0 ms
2023-05-16T20:27:02.359+03:00  INFO 72549 --- [    Test worker] r.c.e.c.c.GiftCertificatesControllerTest : Started GiftCertificatesControllerTest in 0.685 seconds (process running for 60.68)
2023-05-16T20:27:02.370+03:00  WARN 72549 --- [    Test worker] ocalVariableTableParameterNameDiscoverer : Using deprecated '-debug' fallback for parameter name resolution. Compile the affected code with '-parameters' instead or avoid its introspection: ru.clevertec.ecl.controller.giftCertificates.GiftCertificatesController
]]></system-out>
  <system-err><![CDATA[]]></system-err>
</testsuite>
