<?xml version="1.0" encoding="UTF-8"?>
<testsuite name="ru.clevertec.ecl.common.service.OrderServiceImplTest$ValidData" tests="3" skipped="0" failures="0" errors="0" timestamp="2023-05-16T17:27:03" hostname="MacBook-Air-Artem.local" time="0.103">
  <properties/>
  <testcase name="buyGiftCertificateWhenValidInputShouldReturnTrue(UserDtoRequest, GiftCertificatesDtoRequest)" classname="ru.clevertec.ecl.common.service.OrderServiceImplTest$ValidData" time="0.092"/>
  <testcase name="getAPopularCertificateWhenValidInputShouldReturnListOfObjectArrays(OrderDtoRequest)" classname="ru.clevertec.ecl.common.service.OrderServiceImplTest$ValidData" time="0.002"/>
  <testcase name="getOrdersByUserIdWhenValidInputShouldReturnOrderDtoList(OrderDtoRequest)" classname="ru.clevertec.ecl.common.service.OrderServiceImplTest$ValidData" time="0.005"/>
  <system-out><![CDATA[]]></system-out>
  <system-err><![CDATA[]]></system-err>
</testsuite>
