<?xml version="1.0" encoding="UTF-8"?>
<testsuite name="ru.clevertec.ecl.common.service.GiftCertificatesServiceImplTest$ValidData" tests="5" skipped="0" failures="0" errors="0" timestamp="2023-05-16T17:27:03" hostname="MacBook-Air-Artem.local" time="0.124">
  <properties/>
  <testcase name="shouldGetGiftCertificatesWhenGiftCertificatesValid(GiftCertificatesDtoRequest)" classname="ru.clevertec.ecl.common.service.GiftCertificatesServiceImplTest$ValidData" time="0.102"/>
  <testcase name="shouldCreateGiftCertificatesWhenGiftCertificatesIsValid(GiftCertificatesDtoRequest)" classname="ru.clevertec.ecl.common.service.GiftCertificatesServiceImplTest$ValidData" time="0.002"/>
  <testcase name="shouldDeleteGiftCertificatesGiftCertificatesIsValid(GiftCertificatesDtoRequest)" classname="ru.clevertec.ecl.common.service.GiftCertificatesServiceImplTest$ValidData" time="0.004"/>
  <testcase name="shouldReadAllGiftCertificatesWhenGiftCertificatesIsValid(GiftCertificatesDtoRequest)" classname="ru.clevertec.ecl.common.service.GiftCertificatesServiceImplTest$ValidData" time="0.008"/>
  <testcase name="shouldUpdateGiftCertificatesWhenGiftCertificatesIsValid(GiftCertificatesDtoRequest)" classname="ru.clevertec.ecl.common.service.GiftCertificatesServiceImplTest$ValidData" time="0.002"/>
  <system-out><![CDATA[]]></system-out>
  <system-err><![CDATA[]]></system-err>
</testsuite>
