<?xml version="1.0" encoding="UTF-8"?>
<testsuite name="ru.clevertek.ecl.common.service.GiftCertificatesServiceImplTest$InvalidData" tests="1" skipped="0" failures="0" errors="0" timestamp="2023-04-26T20:43:50" hostname="MacBook-Air-Artem.local" time="1.729">
  <properties/>
  <testcase name="shouldGetProductWheProductIsInvalid(GiftCertificatesDto)" classname="ru.clevertek.ecl.common.service.GiftCertificatesServiceImplTest$InvalidData" time="1.729"/>
  <system-out><![CDATA[]]></system-out>
  <system-err><![CDATA[]]></system-err>
</testsuite>
